#
# There is insufficient memory for the Java Runtime Environment to continue.
# Native memory allocation (mmap) failed to map 123731968 bytes for G1 virtual space
# Possible reasons:
#   The system is out of physical RAM or swap space
#   The process is running with CompressedOops enabled, and the Java Heap may be blocking the growth of the native heap
# Possible solutions:
#   Reduce memory load on the system
#   Increase physical memory or swap space
#   Check if swap backing store is full
#   Decrease Java heap size (-Xmx/-Xms)
#   Decrease number of Java threads
#   Decrease Java thread stack sizes (-Xss)
#   Set larger code cache with -XX:ReservedCodeCacheSize=
#   JVM is running with Unscaled Compressed Oops mode in which the Java heap is
#     placed in the first 4GB address space. The Java Heap base address is the
#     maximum limit for the native heap growth. Please use -XX:HeapBaseMinAddress
#     to set the Java Heap base and to place the Java Heap above 4GB virtual address.
# This output file may be truncated or incomplete.
#
#  Out of Memory Error (os_windows.cpp:3548), pid=37260, tid=25488
#
# JRE version:  (17.0.12+8) (build )
# Java VM: Java HotSpot(TM) 64-Bit Server VM (17.0.12+8-LTS-286, mixed mode, emulated-client, sharing, tiered, compressed oops, compressed class ptrs, g1 gc, windows-amd64)
# No core dump will be written. Minidumps are not enabled by default on client versions of Windows
#

---------------  S U M M A R Y ------------

Command Line: -Dcom.sun.management.jmxremote -Dcom.sun.management.jmxremote.port=57392 -Dcom.sun.management.jmxremote.authenticate=false -Dcom.sun.management.jmxremote.ssl=false -Djava.rmi.server.hostname=localhost -Dspring.jmx.enabled=true -Dmanagement.endpoints.jmx.exposure.include=* -Dspring.application.admin.enabled=true -Dspring.output.ansi.enabled=always -XX:TieredStopAtLevel=1 -Dspring.boot.project.name=ChatApplication -Dfile.encoding=UTF-8 -Dstdout.encoding=UTF-8 -Dstderr.encoding=UTF-8 -XX:+ShowCodeDetailsInExceptionMessages com.main.ChatApplication

Host: AMD Ryzen 5 5600H with Radeon Graphics         , 12 cores, 7G,  Windows 11 , 64 bit Build 26100 (10.0.26100.5074)
Time: Thu Sep 11 03:26:59 2025 India Standard Time elapsed time: 0.025468 seconds (0d 0h 0m 0s)

---------------  T H R E A D  ---------------

Current thread (0x0000016e842117c0):  JavaThread "Unknown thread" [_thread_in_vm, id=25488, stack(0x0000006bb5800000,0x0000006bb5900000)]

Stack: [0x0000006bb5800000,0x0000006bb5900000]
Native frames: (J=compiled Java code, j=interpreted, Vv=VM code, C=native code)
V  [jvm.dll+0x67a04a]
V  [jvm.dll+0x7da4ed]
V  [jvm.dll+0x7dbe33]
V  [jvm.dll+0x7dc4a3]
V  [jvm.dll+0x24508f]
V  [jvm.dll+0x677089]
V  [jvm.dll+0x66bd32]
V  [jvm.dll+0x301fa6]
V  [jvm.dll+0x309546]
V  [jvm.dll+0x359d2e]
V  [jvm.dll+0x359f5f]
V  [jvm.dll+0x2d9078]
V  [jvm.dll+0x2d9fe4]
V  [jvm.dll+0x7aca21]
V  [jvm.dll+0x367591]
V  [jvm.dll+0x78b999]
V  [jvm.dll+0x3ec83f]
V  [jvm.dll+0x3ee471]
C  [jli.dll+0x5297]
C  [ucrtbase.dll+0x37b0]
C  [KERNEL32.DLL+0x2e8d7]
C  [ntdll.dll+0x8d9c]


---------------  P R O C E S S  ---------------

Threads class SMR info:
_java_thread_list=0x00007fffc2f77a18, length=0, elements={
}

Java Threads: ( => current thread )

Other Threads:
  0x0000016e8426a4b0 GCTaskThread "GC Thread#0" [stack: 0x0000006bb5900000,0x0000006bb5a00000] [id=35292]
  0x0000016e84279f70 ConcurrentGCThread "G1 Main Marker" [stack: 0x0000006bb5a00000,0x0000006bb5b00000] [id=36160]
  0x0000016e8427bba0 ConcurrentGCThread "G1 Conc#0" [stack: 0x0000006bb5b00000,0x0000006bb5c00000] [id=16912]

[error occurred during error reporting (printing all threads), id 0xc0000005, EXCEPTION_ACCESS_VIOLATION (0xc0000005) at pc=0x00007fffc27a9b67]

VM state: not at safepoint (not fully initialized)

VM Mutex/Monitor currently owned by a thread:  ([mutex/lock_event])
[0x0000016e8420dfa0] Heap_lock - owner thread: 0x0000016e842117c0

Heap address: 0x000000008a800000, size: 1880 MB, Compressed Oops mode: 32-bit

CDS archive(s) mapped at: [0x0000000000000000-0x0000000000000000-0x0000000000000000), size 0, SharedBaseAddress: 0x0000000800000000, ArchiveRelocationMode: 1.
Narrow klass base: 0x0000000000000000, Narrow klass shift: 0, Narrow klass range: 0x0

GC Precious Log:
<Empty>

Heap:
 garbage-first heap   total 0K, used 0K [0x000000008a800000, 0x0000000100000000)
  region size 1024K, 0 young (0K), 0 survivors (0K)

[error occurred during error reporting (printing heap information), id 0xc0000005, EXCEPTION_ACCESS_VIOLATION (0xc0000005) at pc=0x00007fffc2b93859]

GC Heap History (0 events):
No events

Deoptimization events (0 events):
No events

Classes unloaded (0 events):
No events

Classes redefined (0 events):
No events

Internal exceptions (0 events):
No events

VM Operations (0 events):
No events

Events (1 events):
Event: 0.016 Loaded shared library C:\Program Files\Java\jdk-17\bin\java.dll


Dynamic libraries:
0x00007ff615100000 - 0x00007ff615110000 	C:\Program Files\Java\jdk-17\bin\javaw.exe
0x00007ff8beec0000 - 0x00007ff8bf129000 	C:\WINDOWS\SYSTEM32\ntdll.dll
0x00007ff8be590000 - 0x00007ff8be659000 	C:\WINDOWS\System32\KERNEL32.DLL
0x00007ff8bc7f0000 - 0x00007ff8bcbe3000 	C:\WINDOWS\System32\KERNELBASE.dll
0x00007ff8bc340000 - 0x00007ff8bc48b000 	C:\WINDOWS\System32\ucrtbase.dll
0x00007ff87aac0000 - 0x00007ff87aad9000 	C:\Program Files\Java\jdk-17\bin\jli.dll
0x00007ff8bcdd0000 - 0x00007ff8bce84000 	C:\WINDOWS\System32\ADVAPI32.dll
0x00007ff8bcd20000 - 0x00007ff8bcdc9000 	C:\WINDOWS\System32\msvcrt.dll
0x00007ff877dd0000 - 0x00007ff877deb000 	C:\Program Files\Java\jdk-17\bin\VCRUNTIME140.dll
0x00007ff8be960000 - 0x00007ff8bea06000 	C:\WINDOWS\System32\sechost.dll
0x00007ff8be660000 - 0x00007ff8be778000 	C:\WINDOWS\System32\RPCRT4.dll
0x00007ff8bd1b0000 - 0x00007ff8bd374000 	C:\WINDOWS\System32\USER32.dll
0x00007ff89db40000 - 0x00007ff89ddd3000 	C:\WINDOWS\WinSxS\amd64_microsoft.windows.common-controls_6595b64144ccf1df_6.0.26100.5074_none_3e0d6f78e32fd63f\COMCTL32.dll
0x00007ff8bc650000 - 0x00007ff8bc677000 	C:\WINDOWS\System32\win32u.dll
0x00007ff8bee20000 - 0x00007ff8bee4b000 	C:\WINDOWS\System32\GDI32.dll
0x00007ff8bc520000 - 0x00007ff8bc64d000 	C:\WINDOWS\System32\gdi32full.dll
0x00007ff8bc680000 - 0x00007ff8bc723000 	C:\WINDOWS\System32\msvcp_win.dll
0x00007ff8b48d0000 - 0x00007ff8b48db000 	C:\WINDOWS\SYSTEM32\VERSION.dll
0x00007ff8bd000000 - 0x00007ff8bd02f000 	C:\WINDOWS\System32\IMM32.DLL
0x00007ff8a1080000 - 0x00007ff8a108c000 	C:\Program Files\Java\jdk-17\bin\vcruntime140_1.dll
0x00007ff869c60000 - 0x00007ff869cee000 	C:\Program Files\Java\jdk-17\bin\msvcp140.dll
0x00007fffc24c0000 - 0x00007fffc30a0000 	C:\Program Files\Java\jdk-17\bin\server\jvm.dll
0x00007ff8bcff0000 - 0x00007ff8bcff8000 	C:\WINDOWS\System32\PSAPI.DLL
0x00007ff897060000 - 0x00007ff89706a000 	C:\WINDOWS\SYSTEM32\WSOCK32.dll
0x00007ff8b3ce0000 - 0x00007ff8b3d15000 	C:\WINDOWS\SYSTEM32\WINMM.dll
0x00007ff8be850000 - 0x00007ff8be8c4000 	C:\WINDOWS\System32\WS2_32.dll
0x00007ff8bae30000 - 0x00007ff8bae4b000 	C:\WINDOWS\SYSTEM32\kernel.appcore.dll
0x00007ff8a0060000 - 0x00007ff8a006a000 	C:\Program Files\Java\jdk-17\bin\jimage.dll
0x00007ff8ae770000 - 0x00007ff8ae9b2000 	C:\WINDOWS\SYSTEM32\DBGHELP.DLL
0x00007ff8bea10000 - 0x00007ff8bed8b000 	C:\WINDOWS\System32\combase.dll
0x00007ff8bde70000 - 0x00007ff8bdf47000 	C:\WINDOWS\System32\OLEAUT32.dll
0x00007ff899290000 - 0x00007ff8992cd000 	C:\WINDOWS\SYSTEM32\dbgcore.DLL
0x00007ff8bcbf0000 - 0x00007ff8bcc89000 	C:\WINDOWS\System32\bcryptPrimitives.dll
0x00007ff877140000 - 0x00007ff877165000 	C:\Program Files\Java\jdk-17\bin\java.dll

dbghelp: loaded successfully - version: 4.0.5 - missing functions: none
symbol engine: initialized successfully - sym options: 0x614 - pdb path: .;C:\Program Files\Java\jdk-17\bin;C:\WINDOWS\SYSTEM32;C:\WINDOWS\WinSxS\amd64_microsoft.windows.common-controls_6595b64144ccf1df_6.0.26100.5074_none_3e0d6f78e32fd63f;C:\Program Files\Java\jdk-17\bin\server

VM Arguments:
jvm_args: -Dcom.sun.management.jmxremote -Dcom.sun.management.jmxremote.port=57392 -Dcom.sun.management.jmxremote.authenticate=false -Dcom.sun.management.jmxremote.ssl=false -Djava.rmi.server.hostname=localhost -Dspring.jmx.enabled=true -Dmanagement.endpoints.jmx.exposure.include=* -Dspring.application.admin.enabled=true -Dspring.output.ansi.enabled=always -XX:TieredStopAtLevel=1 -Dspring.boot.project.name=ChatApplication -Dfile.encoding=UTF-8 -Dstdout.encoding=UTF-8 -Dstderr.encoding=UTF-8 -XX:+ShowCodeDetailsInExceptionMessages 
java_command: com.main.ChatApplication
java_class_path (initial): C:\Users\anike\Spring Tool Suite-workspace\Projects\ChatApplication\target\classes;C:\Users\anike\.m2\repository\org\springframework\boot\spring-boot-starter-data-jpa\3.5.5\spring-boot-starter-data-jpa-3.5.5.jar;C:\Users\anike\.m2\repository\org\springframework\boot\spring-boot-starter\3.5.5\spring-boot-starter-3.5.5.jar;C:\Users\anike\.m2\repository\org\springframework\boot\spring-boot-starter-logging\3.5.5\spring-boot-starter-logging-3.5.5.jar;C:\Users\anike\.m2\repository\ch\qos\logback\logback-classic\1.5.18\logback-classic-1.5.18.jar;C:\Users\anike\.m2\repository\ch\qos\logback\logback-core\1.5.18\logback-core-1.5.18.jar;C:\Users\anike\.m2\repository\org\apache\logging\log4j\log4j-to-slf4j\2.24.3\log4j-to-slf4j-2.24.3.jar;C:\Users\anike\.m2\repository\org\apache\logging\log4j\log4j-api\2.24.3\log4j-api-2.24.3.jar;C:\Users\anike\.m2\repository\org\slf4j\jul-to-slf4j\2.0.17\jul-to-slf4j-2.0.17.jar;C:\Users\anike\.m2\repository\jakarta\annotation\jakarta.annotation-api\2.1.1\jakarta.annotation-api-2.1.1.jar;C:\Users\anike\.m2\repository\org\yaml\snakeyaml\2.4\snakeyaml-2.4.jar;C:\Users\anike\.m2\repository\org\springframework\boot\spring-boot-starter-jdbc\3.5.5\spring-boot-starter-jdbc-3.5.5.jar;C:\Users\anike\.m2\repository\com\zaxxer\HikariCP\6.3.2\HikariCP-6.3.2.jar;C:\Users\anike\.m2\repository\org\springframework\spring-jdbc\6.2.10\spring-jdbc-6.2.10.jar;C:\Users\anike\.m2\repository\org\hibernate\orm\hibernate-core\6.6.26.Final\hibernate-core-6.6.26.Final.jar;C:\Users\anike\.m2\repository\jakarta\persistence\jakarta.persistence-api\3.1.0\jakarta.persistence-api-3.1.0.jar;C:\Users\anike\.m2\repository\jakarta\transaction\jakarta.transaction-api\2.0.1\jakarta.transaction-api-2.0.1.jar;C:\Users\anike\.m2\repository\org\jboss\logging\jboss-logging\3.6.1.Final\jboss-logging-3.6.1.Final.jar;C:\Users\anike\.m2\repository\org\hibernate\common\hibernate-commons-annotations\7.0.3.Final\hibernate-commons-annotations-7.0.3.Final.jar;C:\Users
Launcher Type: SUN_STANDARD

[Global flags]
     intx CICompilerCount                          = 4                                         {product} {ergonomic}
     uint ConcGCThreads                            = 3                                         {product} {ergonomic}
     uint G1ConcRefinementThreads                  = 10                                        {product} {ergonomic}
   size_t G1HeapRegionSize                         = 1048576                                   {product} {ergonomic}
    uintx GCDrainStackTargetSize                   = 64                                        {product} {ergonomic}
   size_t InitialHeapSize                          = 123731968                                 {product} {ergonomic}
     bool ManagementServer                         = true                                      {product} {command line}
   size_t MarkStackSize                            = 4194304                                   {product} {ergonomic}
   size_t MaxHeapSize                              = 1971322880                                {product} {ergonomic}
   size_t MinHeapDeltaBytes                        = 1048576                                   {product} {ergonomic}
   size_t MinHeapSize                              = 8388608                                   {product} {ergonomic}
    uintx NonProfiledCodeHeapSize                  = 0                                      {pd product} {ergonomic}
     bool ProfileInterpreter                       = false                                  {pd product} {command line}
    uintx ProfiledCodeHeapSize                     = 0                                      {pd product} {ergonomic}
     bool ShowCodeDetailsInExceptionMessages       = true                                   {manageable} {command line}
   size_t SoftMaxHeapSize                          = 1971322880                             {manageable} {ergonomic}
     intx TieredStopAtLevel                        = 1                                         {product} {command line}
     bool UseCompressedClassPointers               = true                           {product lp64_product} {ergonomic}
     bool UseCompressedOops                        = true                           {product lp64_product} {ergonomic}
     bool UseG1GC                                  = true                                      {product} {ergonomic}
     bool UseLargePagesIndividualAllocation        = false                                  {pd product} {ergonomic}

Logging:
Log output configuration:
 #0: stdout all=warning uptime,level,tags
 #1: stderr all=off uptime,level,tags

Environment Variables:
PATH=C:/Users/anike/sts-4.31.0.RELEASE//plugins/org.eclipse.justj.openjdk.hotspot.jre.full.win32.x86_64_21.0.7.v20250502-0916/jre/bin/server;C:/Users/anike/sts-4.31.0.RELEASE//plugins/org.eclipse.justj.openjdk.hotspot.jre.full.win32.x86_64_21.0.7.v20250502-0916/jre/bin;C:\Program Files\Common Files\Oracle\Java\javapath;C:\windows\system32;C:\windows;C:\windows\System32\Wbem;C:\windows\System32\WindowsPowerShell\v1.0\;C:\windows\System32\OpenSSH\;C:\Program Files (x86)\NVIDIA Corporation\PhysX\Common;C:\Program Files\NVIDIA Corporation\NVIDIA NvDLISR;C:\Program Files\Git\cmd;C:\WINDOWS\system32;C:\WINDOWS;C:\WINDOWS\System32\Wbem;C:\WINDOWS\System32\WindowsPowerShell\v1.0\;C:\WINDOWS\System32\OpenSSH\;C:\Program Files\nodejs\;C:\Program Files\MySQL\MySQL Server 8.0\bin;C:\Program Files\Java\jdk-17\bin;C:\Program Files\Java\jdk-21\bin;C:\Users\anike\AppData\Local\Programs\Python\Python311\Scripts\;C:\Users\anike\AppData\Local\Programs\Python\Python311\;C:\Users\anike\AppData\Local\Microsoft\WindowsApps;C:\Users\anike\Downloads\mingw-w64-v10.0.0.zip\mingw-w64-v10.0.0;C:\MinGW\bin\g++.exe;C:\MinGW\bin;C:\Users\anike\AppData\Local\Programs\Microsoft VS Code\bin;C:\Program Files\Git\bin;C:\Program Files\Java\jdk-21\bin;C:\Users\anike\AppData\Local\GitHubDesktop\bin;C:\Users\anike\AppData\Roaming\npm;C:\Program Files\JetBrains\IntelliJ IDEA Community Edition 2025.2.1\bin;C:\Users\anike\sts-4.31.0.RELEASE;
USERNAME=anike
OS=Windows_NT
PROCESSOR_IDENTIFIER=AMD64 Family 25 Model 80 Stepping 0, AuthenticAMD



---------------  S Y S T E M  ---------------

OS:
 Windows 11 , 64 bit Build 26100 (10.0.26100.5074)
OS uptime: 2 days 4:27 hours
Hyper-V role detected

CPU: total 12 (initial active 12) (12 cores per cpu, 2 threads per core) family 25 model 80 stepping 0 microcode 0xa50000f, cx8, cmov, fxsr, ht, mmx, 3dnowpref, sse, sse2, sse3, ssse3, sse4a, sse4.1, sse4.2, popcnt, lzcnt, tsc, tscinvbit, avx, avx2, aes, erms, clmul, bmi1, bmi2, adx, sha, fma, vzeroupper, clflush, clflushopt, hv

Memory: 4k page, system-wide physical 7518M (433M free)
TotalPageFile size 22307M (AvailPageFile size 95M)
current process WorkingSet (physical memory assigned to process): 12M, peak: 12M
current process commit charge ("private bytes"): 59M, peak: 177M

vm_info: Java HotSpot(TM) 64-Bit Server VM (17.0.12+8-LTS-286) for windows-amd64 JRE (17.0.12+8-LTS-286), built on Jun  5 2024 06:46:59 by "mach5one" with MS VC++ 17.6 (VS2022)

END.
